<?xml version="1.0" encoding="UTF-8"?>
<!-- Generated by org.testng.reporters.JUnitReportReporter -->
<testsuite hostname="HyperGiant19" failures="0" tests="1" name="test" time="2.404" errors="0" timestamp="2025-07-21T15:01:38 PDT" skipped="0">
  <testcase classname="test" name="test123" time="2.404"/>
</testsuite> <!-- test -->
